{
  "0 debug pnpm:scope": {
    "selected": 1
  },
  "1 error pnpm": {
    "errno": 1,
    "code": "ELIFECYCLE",
    "pkgid": "notes@0.0.0",
    "stage": "note",
    "script": "touch `notes-$(date '+%Y-%m-%d %H:%M:%S')`",
    "pkgname": "notes",
    "err": {
      "name": "Error",
      "message": "notes@0.0.0 note: `touch `notes-$(date '+%Y-%m-%d %H:%M:%S')``\nExit status 1",
      "code": "ELIFECYCLE",
      "stack": "Error: notes@0.0.0 note: `touch `notes-$(date '+%Y-%m-%d %H:%M:%S')``\nExit status 1\n    at EventEmitter.<anonymous> (/opt/homebrew/Cellar/node/16.5.0/pnpm-global/5/node_modules/.pnpm/pnpm@6.13.0/node_modules/pnpm/dist/pnpm.cjs:106006:20)\n    at EventEmitter.emit (node:events:394:28)\n    at ChildProcess.<anonymous> (/opt/homebrew/Cellar/node/16.5.0/pnpm-global/5/node_modules/.pnpm/pnpm@6.13.0/node_modules/pnpm/dist/pnpm.cjs:94312:18)\n    at ChildProcess.emit (node:events:394:28)\n    at maybeClose (node:internal/child_process:1067:16)\n    at Process.ChildProcess._handle.onexit (node:internal/child_process:301:5)"
    }
  },
  "2 warn pnpm:global": " Local package.json exists, but node_modules missing, did you mean to install?"
}